[INFO ] 2020-11-17 18:23:10.513 [main] LogThis - Admin has logged in.
[INFO ] 2020-11-17 18:41:57.478 [main] LogThis - Admin has logged in.
[INFO ] 2020-11-17 18:43:55.482 [main] LogThis - Admin has logged out.
[INFO ] 2020-11-17 19:01:01.880 [main] LogThis - Customer 1 has logged in.
[INFO ] 2020-11-17 19:01:08.075 [main] LogThis - Account 0 was applied for by user1.
[INFO ] 2020-11-17 19:02:20.586 [main] LogThis - Customer 1 has logged in.
[INFO ] 2020-11-17 19:02:23.901 [main] LogThis - Account 0 was applied for by user1.
[INFO ] 2020-11-17 19:04:03.194 [main] LogThis - Customer 1 has logged in.
[INFO ] 2020-11-17 19:04:08.154 [main] LogThis - Account 0 was applied for by user1.
[INFO ] 2020-11-17 19:05:30.209 [main] LogThis - Customer 1 has logged in.
[INFO ] 2020-11-17 19:05:37.823 [main] LogThis - Account 0 was applied for by user1.
[INFO ] 2020-11-17 19:05:38.099 [main] LogThis - 1 is a user for account 5
[INFO ] 2020-11-17 19:06:47.442 [main] LogThis - Account 0 was applied for by user1.
[INFO ] 2020-11-17 19:10:37.014 [main] LogThis - Account 0 was applied for by user1.
[INFO ] 2020-11-17 19:15:20.371 [main] LogThis - Account 0 was applied for by user1.
[INFO ] 2020-11-17 19:20:08.551 [main] LogThis - Account 0 was applied for by user1.
[INFO ] 2020-11-17 19:21:16.005 [main] LogThis - Customer 1 has logged in.
[INFO ] 2020-11-17 19:21:22.589 [main] LogThis - Account 10 was applied for.
[INFO ] 2020-11-17 19:23:56.976 [main] LogThis - Customer 1 has logged in.
[INFO ] 2020-11-17 19:24:00.264 [main] LogThis - Account 11 was applied for.
[INFO ] 2020-11-17 19:24:00.565 [main] LogThis - 1 is a user for account 11
[INFO ] 2020-11-17 19:25:17.896 [main] LogThis - Account 12 was applied for.
[INFO ] 2020-11-17 19:25:18.170 [main] LogThis - 1 is a user for account 12
[INFO ] 2020-11-17 19:25:25.154 [main] LogThis - 20 is a user for account 12
[INFO ] 2020-11-17 19:26:23.144 [main] LogThis - Admin has logged in.
[INFO ] 2020-11-17 19:29:36.942 [main] LogThis - Admin has logged in.
[INFO ] 2020-11-17 19:31:24.194 [main] LogThis - Account 12 has been approved.
[INFO ] 2020-11-17 19:31:24.505 [main] LogThis - Customer 1 has a new account approved.
[INFO ] 2020-11-17 19:40:02.306 [main] LogThis - Admin has logged in.
[INFO ] 2020-11-17 19:40:11.638 [main] LogThis - Account 11 has been approved.
[INFO ] 2020-11-17 19:40:11.990 [main] LogThis - Customer 1 has a new account approved.
[INFO ] 2020-11-17 19:40:20.844 [main] LogThis - Admin has logged out.
[INFO ] 2020-11-17 19:40:45.663 [main] LogThis - Customer 1 has logged in.
[INFO ] 2020-11-17 19:41:07.020 [main] LogThis - Account 13 was applied for.
[INFO ] 2020-11-17 19:41:07.332 [main] LogThis - 1 is a user for account 13
[INFO ] 2020-11-17 19:41:16.157 [main] LogThis - 20 is a user for account 13
[INFO ] 2020-11-17 19:41:27.146 [main] LogThis - 21 is a user for account 13
[INFO ] 2020-11-17 19:41:51.962 [main] LogThis - Account 1 logged out.
[INFO ] 2020-11-17 19:42:27.617 [main] LogThis - Admin has logged in.
[INFO ] 2020-11-17 19:42:39.242 [main] LogThis - Account 13 has been approved.
[INFO ] 2020-11-17 19:42:39.593 [main] LogThis - Customer 1 has a new account approved.
[INFO ] 2020-11-17 19:43:38.011 [main] LogThis - Admin has logged out.
[INFO ] 2020-11-17 19:50:26.106 [main] LogThis - Admin has logged in.
[INFO ] 2020-11-17 19:50:33.917 [main] LogThis - Account 13 has been approved.
[INFO ] 2020-11-17 19:50:34.317 [main] LogThis - Customer 1 has a new account approved.
[INFO ] 2020-11-17 19:50:34.656 [main] LogThis - Customer 20 has a new account approved.
[INFO ] 2020-11-17 19:50:34.983 [main] LogThis - Customer 21 has a new account approved.
[INFO ] 2020-11-17 19:50:34.983 [main] LogThis - Account 13 has been approved by admin.
[INFO ] 2020-11-17 19:52:26.308 [main] LogThis - 12 had a deposit of $100.0 for a new balance of $100.0
[INFO ] 2020-11-17 19:53:55.260 [main] LogThis - 12 transferred $50.75 to ---------------------------------------------------------------------------------------------------
Account ID: 11, Account Type = CHECKING, Account Active? = true, Balance=50.75
--------------------------------------------------------------------------------------------------
[INFO ] 2020-11-17 20:01:30.216 [main] LogThis - Customer 1 has logged in.
[INFO ] 2020-11-17 20:11:40.022 [main] LogThis - Customer 1 has logged in.
[INFO ] 2020-11-17 20:11:49.094 [main] LogThis - Account 13 has been deleted.
[INFO ] 2020-11-17 20:11:49.416 [main] LogThis - Customer 1 has one less account.
[INFO ] 2020-11-17 20:13:38.969 [main] LogThis - Customer 1 has logged in.
[INFO ] 2020-11-17 20:13:57.671 [main] LogThis - 12 had a withdraw of $49.25 for a new balance of $0.0
[INFO ] 2020-11-17 20:14:11.047 [main] LogThis - Account 12 has been deleted.
[INFO ] 2020-11-17 20:14:11.374 [main] LogThis - Customer 1 has one less account.
[INFO ] 2020-11-17 21:02:49.034 [main] LogThis - Customer 1 has logged in.
[INFO ] 2020-11-17 21:03:08.100 [main] LogThis - Customer 1 updated their password.
[INFO ] 2020-11-17 21:03:11.782 [main] LogThis - Account 1 logged out.
[INFO ] 2020-11-17 21:03:28.563 [main] LogThis - Customer 1 has logged in.
[INFO ] 2020-11-17 21:08:47.492 [main] LogThis - Customer 1 has logged in.
[INFO ] 2020-11-17 21:09:26.121 [main] LogThis - Customer 1 updated their address.
[INFO ] 2020-11-17 21:10:41.206 [main] LogThis - Customer 1 has logged in.
[INFO ] 2020-11-17 21:10:55.428 [main] LogThis - Account 1 logged out.
[INFO ] 2020-11-17 21:13:10.854 [main] LogThis - Customer 1 has logged in.
[INFO ] 2020-11-17 21:14:05.414 [main] LogThis - Admin has logged in.
[INFO ] 2020-11-17 21:22:51.315 [main] LogThis - Admin has logged in.
[INFO ] 2020-11-17 21:23:29.016 [main] LogThis - Admin has logged in.
[INFO ] 2020-11-17 21:23:37.163 [main] LogThis - Customer 2's account has been deleted.
